2025-07-16 00:18:42,470 - __main__ - INFO - Starting the model training and prediction process.
2025-07-16 00:25:12,867 - __main__ - INFO - Starting the model training and prediction process.
2025-07-16 00:25:13,186 - __main__ - INFO - Prediction: [1]
2025-07-16 00:25:44,902 - __main__ - INFO - Starting the model training and prediction process.
2025-07-16 00:25:45,174 - __main__ - ERROR - Invalid input: Input data must contain exactly 4 features: sepal length, sepal width, petal length, petal width.
2025-07-16 00:31:08,753 - __main__ - INFO - Starting the model training and prediction process.
2025-07-16 00:31:09,063 - __main__ - DEBUG - Input data for prediction: [5.1, 3.5, 1.4]
2025-07-16 00:31:09,063 - __main__ - ERROR - Invalid input: Input data must contain exactly 4 features: sepal length, sepal width, petal length, petal width.
2025-07-16 00:37:50,749 - __main__ - INFO - Starting the model training and prediction process.
2025-07-16 00:37:51,032 - __main__ - DEBUG - Input data for prediction: [5.1, 3.5, 1.4]
2025-07-16 00:37:51,032 - app.services.predict - ERROR - Input data must contain exactly 4 features: sepal length, sepal width, petal length, petal width.
2025-07-16 00:37:51,032 - __main__ - ERROR - Invalid input: Input data must contain exactly 4 features: sepal length, sepal width, petal length, petal width.
2025-07-18 03:06:37,109 - main - INFO - Starting the model training and prediction process.
2025-07-18 03:10:54,435 - main - INFO - Starting the model training and prediction process.
2025-07-18 03:11:11,221 - main - INFO - Starting the model training and prediction process.
2025-07-18 03:11:41,969 - main - INFO - Starting the model training and prediction process.
2025-07-18 03:11:47,795 - main - INFO - Starting the model training and prediction process.
2025-07-18 03:28:26,281 - main - INFO - Starting the model training and prediction process.
2025-07-18 03:29:03,073 - main - INFO - Starting the model training and prediction process.
2025-07-18 03:29:17,632 - main - INFO - Starting the model training and prediction process.
2025-07-18 23:55:14,222 - main - INFO - Starting the model training and prediction process.
2025-07-19 00:01:25,936 - main - INFO - Starting the model training and prediction process.
2025-07-19 00:15:06,735 - main - INFO - Starting the model training and prediction process.
2025-07-19 00:16:14,348 - main - INFO - Starting the model training and prediction process.
2025-07-19 00:21:02,995 - main - INFO - Starting the model training and prediction process.
2025-07-19 01:50:54,188 - main - INFO - Starting the model training and prediction process.
2025-07-19 01:51:07,419 - main - INFO - Starting the model training and prediction process.
2025-07-19 03:01:17,911 - main - INFO - Starting the model training and prediction process.
2025-07-19 03:08:28,232 - main - INFO - Starting the model training and prediction process.
2025-07-19 03:20:31,198 - main - INFO - Starting the model training and prediction process.
2025-07-19 03:20:47,747 - app.routes.ml_routes - INFO - Starting model training.
2025-07-19 03:20:49,301 - app.routes.ml_routes - INFO - Model training completed successfully.
2025-07-19 03:21:20,839 - app.services.ml_services - ERROR - Input data must contain exactly 4 features: sepal length, sepal width, petal length, petal width.
2025-07-19 03:21:20,840 - app.routes.ml_routes - ERROR - Invalid input: Input data must contain exactly 4 features: sepal length, sepal width, petal length, petal width.
2025-07-19 03:24:25,457 - app.routes.ml_routes - INFO - Starting model training.
2025-07-19 03:24:26,564 - app.routes.ml_routes - INFO - Model training completed successfully.
2025-07-19 03:25:05,148 - main - INFO - Starting the model training and prediction process.
2025-07-19 03:25:14,354 - app.routes.ml_routes - INFO - Starting model training.
2025-07-19 03:25:14,714 - app.services.ml_services - ERROR - An error occurred while training the model: [Errno 2] No such file or directory: 'apps/models/iris_model.pkl'
2025-07-19 03:25:14,714 - app.routes.ml_routes - INFO - Model training completed successfully.
2025-07-19 03:25:20,439 - app.routes.ml_routes - INFO - Starting model training.
2025-07-19 03:25:20,748 - app.services.ml_services - ERROR - An error occurred while training the model: [Errno 2] No such file or directory: 'apps/models/iris_model.pkl'
2025-07-19 03:25:20,748 - app.routes.ml_routes - INFO - Model training completed successfully.
2025-07-19 03:26:20,929 - app.services.ml_services - ERROR - Model file not found at apps/models/iris_model.pkl. Please train the model first.
2025-07-19 03:26:20,929 - app.services.ml_services - ERROR - An error occurred during prediction: 'NoneType' object has no attribute 'predict'
2025-07-19 03:26:20,929 - app.routes.ml_routes - ERROR - An error occurred during prediction: 500: Prediction failed.
2025-07-19 03:28:41,778 - main - INFO - Starting the model training and prediction process.
2025-07-19 03:28:52,981 - app.routes.ml_routes - INFO - Starting model training.
2025-07-19 03:28:53,397 - app.routes.ml_routes - INFO - Model training completed successfully.
2025-07-19 03:29:14,660 - app.routes.ml_routes - INFO - Prediction: [2]
2025-07-19 03:30:19,144 - main - INFO - Starting the model training and prediction process.
2025-07-19 03:30:22,610 - app.routes.ml_routes - INFO - Prediction: [2]
2025-07-25 22:30:31,715 - main - INFO - Starting the model training and prediction process.
2025-07-25 22:34:41,927 - app.routes.ml_routes - INFO - Starting model training.
2025-07-25 22:34:42,551 - app.routes.ml_routes - INFO - Model training completed successfully.
2025-07-25 22:35:04,063 - app.routes.ml_routes - INFO - Prediction: [0]
2025-07-26 02:08:09,285 - main - INFO - Starting the model training and prediction process.
2025-07-26 02:14:59,168 - main - INFO - Starting the model training and prediction process.
2025-07-26 02:16:23,770 - main - INFO - Starting the model training and prediction process.
2025-07-26 02:18:00,093 - main - INFO - Starting the model training and prediction process.
2025-07-26 02:19:52,051 - main - INFO - Starting the model training and prediction process.
2025-07-26 02:20:09,057 - main - INFO - Starting the model training and prediction process.
2025-07-26 02:25:39,581 - main - INFO - Starting the model training and prediction process.
2025-07-26 02:32:38,229 - main - INFO - Starting the model training and prediction process.
2025-07-26 02:37:01,856 - main - INFO - Starting the model training and prediction process.
2025-07-26 02:39:10,049 - main - INFO - Starting the model training and prediction process.
2025-07-27 08:29:53,255 - main - INFO - Starting the model training and prediction process.
2025-07-27 08:31:41,478 - app.services.sentiment_services - ERROR - Error loading sentiment analysis pipeline: name 'torch' is not defined
2025-07-27 08:41:48,679 - main - INFO - Starting the model training and prediction process.
2025-07-27 08:51:16,433 - main - INFO - Starting the model training and prediction process.
2025-07-27 08:56:06,255 - main - INFO - Starting the model training and prediction process.
2025-07-27 08:56:51,071 - main - INFO - Starting the model training and prediction process.
2025-07-27 09:12:08,927 - main - INFO - Starting the model training and prediction process.
2025-07-27 09:12:53,747 - main - INFO - Starting the model training and prediction process.
2025-07-27 09:16:24,428 - main - INFO - Starting the model training and prediction process.
2025-07-27 09:19:51,306 - main - INFO - Starting the model training and prediction process.
2025-07-27 09:20:17,372 - main - INFO - Starting the model training and prediction process.
2025-07-28 20:41:27,130 - main - INFO - Starting the model training and prediction process.
2025-07-28 20:44:20,505 - main - INFO - Starting the model training and prediction process.
2025-07-28 20:55:24,803 - main - INFO - Starting the model training and prediction process.
2025-07-28 20:57:34,052 - main - INFO - Starting the model training and prediction process.
2025-07-29 23:59:25,205 - main - INFO - Starting the model training and prediction process.
2025-07-30 00:00:45,343 - main - INFO - Starting the model training and prediction process.
